<?xml version="1.0" encoding="UTF-8"?>
<testsuite xmlns:xsi="http://www.w3.org/2001/XMLSchema-instance" xsi:noNamespaceSchemaLocation="https://maven.apache.org/surefire/maven-surefire-plugin/xsd/surefire-test-report.xsd" name="runner.RunnerTest" time="492.418" tests="0" errors="0" skipped="0" failures="0">
  <properties>
    <property name="java.specification.version" value="14"/>
    <property name="sun.jnu.encoding" value="UTF-8"/>
    <property name="java.class.path" value="/Users/keflin.rosa/Documents/Workspace/regressivo_portal_frontend/target/test-classes:/Users/keflin.rosa/Documents/Workspace/regressivo_portal_frontend/target/classes:/Users/keflin.rosa/.m2/repository/junit/junit/4.12/junit-4.12.jar:/Users/keflin.rosa/.m2/repository/org/hamcrest/hamcrest-core/1.3/hamcrest-core-1.3.jar:/Users/keflin.rosa/.m2/repository/org/junit/platform/junit-platform-surefire-provider/1.3.2/junit-platform-surefire-provider-1.3.2.jar:/Users/keflin.rosa/.m2/repository/org/apiguardian/apiguardian-api/1.0.0/apiguardian-api-1.0.0.jar:/Users/keflin.rosa/.m2/repository/org/junit/platform/junit-platform-launcher/1.3.2/junit-platform-launcher-1.3.2.jar:/Users/keflin.rosa/.m2/repository/org/apache/maven/surefire/surefire-api/2.22.0/surefire-api-2.22.0.jar:/Users/keflin.rosa/.m2/repository/org/apache/maven/surefire/surefire-logger-api/2.22.0/surefire-logger-api-2.22.0.jar:/Users/keflin.rosa/.m2/repository/org/apache/maven/surefire/common-java5/2.22.0/common-java5-2.22.0.jar:/Users/keflin.rosa/.m2/repository/org/junit/jupiter/junit-jupiter-engine/5.4.2/junit-jupiter-engine-5.4.2.jar:/Users/keflin.rosa/.m2/repository/org/junit/platform/junit-platform-engine/1.4.2/junit-platform-engine-1.4.2.jar:/Users/keflin.rosa/.m2/repository/org/seleniumhq/selenium/selenium-java/3.141.59/selenium-java-3.141.59.jar:/Users/keflin.rosa/.m2/repository/org/seleniumhq/selenium/selenium-api/3.141.59/selenium-api-3.141.59.jar:/Users/keflin.rosa/.m2/repository/org/seleniumhq/selenium/selenium-chrome-driver/3.141.59/selenium-chrome-driver-3.141.59.jar:/Users/keflin.rosa/.m2/repository/org/seleniumhq/selenium/selenium-edge-driver/3.141.59/selenium-edge-driver-3.141.59.jar:/Users/keflin.rosa/.m2/repository/org/seleniumhq/selenium/selenium-firefox-driver/3.141.59/selenium-firefox-driver-3.141.59.jar:/Users/keflin.rosa/.m2/repository/org/seleniumhq/selenium/selenium-ie-driver/3.141.59/selenium-ie-driver-3.141.59.jar:/Users/keflin.rosa/.m2/repository/org/seleniumhq/selenium/selenium-opera-driver/3.141.59/selenium-opera-driver-3.141.59.jar:/Users/keflin.rosa/.m2/repository/org/seleniumhq/selenium/selenium-remote-driver/3.141.59/selenium-remote-driver-3.141.59.jar:/Users/keflin.rosa/.m2/repository/org/seleniumhq/selenium/selenium-safari-driver/3.141.59/selenium-safari-driver-3.141.59.jar:/Users/keflin.rosa/.m2/repository/org/seleniumhq/selenium/selenium-support/3.141.59/selenium-support-3.141.59.jar:/Users/keflin.rosa/.m2/repository/net/bytebuddy/byte-buddy/1.8.15/byte-buddy-1.8.15.jar:/Users/keflin.rosa/.m2/repository/org/apache/commons/commons-exec/1.3/commons-exec-1.3.jar:/Users/keflin.rosa/.m2/repository/com/google/guava/guava/25.0-jre/guava-25.0-jre.jar:/Users/keflin.rosa/.m2/repository/com/google/code/findbugs/jsr305/1.3.9/jsr305-1.3.9.jar:/Users/keflin.rosa/.m2/repository/org/checkerframework/checker-compat-qual/2.0.0/checker-compat-qual-2.0.0.jar:/Users/keflin.rosa/.m2/repository/com/google/errorprone/error_prone_annotations/2.1.3/error_prone_annotations-2.1.3.jar:/Users/keflin.rosa/.m2/repository/com/google/j2objc/j2objc-annotations/1.1/j2objc-annotations-1.1.jar:/Users/keflin.rosa/.m2/repository/org/codehaus/mojo/animal-sniffer-annotations/1.14/animal-sniffer-annotations-1.14.jar:/Users/keflin.rosa/.m2/repository/com/squareup/okhttp3/okhttp/3.11.0/okhttp-3.11.0.jar:/Users/keflin.rosa/.m2/repository/com/squareup/okio/okio/1.14.0/okio-1.14.0.jar:/Users/keflin.rosa/.m2/repository/io/cucumber/cucumber-junit/4.3.1/cucumber-junit-4.3.1.jar:/Users/keflin.rosa/.m2/repository/io/cucumber/cucumber-core/4.3.1/cucumber-core-4.3.1.jar:/Users/keflin.rosa/.m2/repository/io/cucumber/cucumber-html/0.2.7/cucumber-html-0.2.7.jar:/Users/keflin.rosa/.m2/repository/io/cucumber/gherkin/5.1.0/gherkin-5.1.0.jar:/Users/keflin.rosa/.m2/repository/io/cucumber/tag-expressions/1.1.1/tag-expressions-1.1.1.jar:/Users/keflin.rosa/.m2/repository/io/cucumber/cucumber-expressions/6.2.2/cucumber-expressions-6.2.2.jar:/Users/keflin.rosa/.m2/repository/io/cucumber/datatable/1.1.12/datatable-1.1.12.jar:/Users/keflin.rosa/.m2/repository/io/cucumber/datatable-dependencies/1.1.12/datatable-dependencies-1.1.12.jar:/Users/keflin.rosa/.m2/repository/io/cucumber/cucumber-java/4.3.1/cucumber-java-4.3.1.jar:/Users/keflin.rosa/.m2/repository/org/junit/jupiter/junit-jupiter-api/5.4.2/junit-jupiter-api-5.4.2.jar:/Users/keflin.rosa/.m2/repository/org/opentest4j/opentest4j/1.1.1/opentest4j-1.1.1.jar:/Users/keflin.rosa/.m2/repository/org/junit/platform/junit-platform-commons/1.4.2/junit-platform-commons-1.4.2.jar:/Users/keflin.rosa/.m2/repository/org/testng/testng/6.14.3/testng-6.14.3.jar:/Users/keflin.rosa/.m2/repository/com/beust/jcommander/1.72/jcommander-1.72.jar:/Users/keflin.rosa/.m2/repository/org/apache-extras/beanshell/bsh/2.0b6/bsh-2.0b6.jar:/Users/keflin.rosa/.m2/repository/io/github/bonigarcia/webdrivermanager/3.6.1/webdrivermanager-3.6.1.jar:/Users/keflin.rosa/.m2/repository/org/slf4j/slf4j-api/1.7.25/slf4j-api-1.7.25.jar:/Users/keflin.rosa/.m2/repository/commons-io/commons-io/2.6/commons-io-2.6.jar:/Users/keflin.rosa/.m2/repository/com/google/code/gson/gson/2.8.5/gson-2.8.5.jar:/Users/keflin.rosa/.m2/repository/org/apache/commons/commons-lang3/3.8.1/commons-lang3-3.8.1.jar:/Users/keflin.rosa/.m2/repository/org/apache/httpcomponents/httpclient/4.5.6/httpclient-4.5.6.jar:/Users/keflin.rosa/.m2/repository/org/apache/httpcomponents/httpcore/4.4.10/httpcore-4.4.10.jar:/Users/keflin.rosa/.m2/repository/commons-logging/commons-logging/1.2/commons-logging-1.2.jar:/Users/keflin.rosa/.m2/repository/commons-codec/commons-codec/1.10/commons-codec-1.10.jar:/Users/keflin.rosa/.m2/repository/org/rauschig/jarchivelib/1.0.0/jarchivelib-1.0.0.jar:/Users/keflin.rosa/.m2/repository/org/apache/commons/commons-compress/1.18/commons-compress-1.18.jar:/Users/keflin.rosa/.m2/repository/org/jsoup/jsoup/1.11.3/jsoup-1.11.3.jar:/Users/keflin.rosa/.m2/repository/net/masterthought/cucumber-reporting/4.11.2/cucumber-reporting-4.11.2.jar:/Users/keflin.rosa/.m2/repository/com/fasterxml/jackson/core/jackson-databind/2.9.9.3/jackson-databind-2.9.9.3.jar:/Users/keflin.rosa/.m2/repository/com/fasterxml/jackson/core/jackson-annotations/2.9.0/jackson-annotations-2.9.0.jar:/Users/keflin.rosa/.m2/repository/com/fasterxml/jackson/core/jackson-core/2.9.9/jackson-core-2.9.9.jar:/Users/keflin.rosa/.m2/repository/org/apache/velocity/velocity/1.7/velocity-1.7.jar:/Users/keflin.rosa/.m2/repository/commons-lang/commons-lang/2.4/commons-lang-2.4.jar:/Users/keflin.rosa/.m2/repository/commons-collections/commons-collections/3.2.2/commons-collections-3.2.2.jar:/Users/keflin.rosa/.m2/repository/velocity-tools/velocity-tools/1.4/velocity-tools-1.4.jar:/Users/keflin.rosa/.m2/repository/joda-time/joda-time/2.10.2/joda-time-2.10.2.jar:/Users/keflin.rosa/.m2/repository/org/codehaus/plexus/plexus-utils/3.2.0/plexus-utils-3.2.0.jar:/Users/keflin.rosa/.m2/repository/com/googlecode/owasp-java-html-sanitizer/owasp-java-html-sanitizer/20190610.1/owasp-java-html-sanitizer-20190610.1.jar:/Users/keflin.rosa/.m2/repository/commons-configuration/commons-configuration/1.10/commons-configuration-1.10.jar:/Users/keflin.rosa/.m2/repository/net/masterthought/maven-cucumber-reporting/4.11.2/maven-cucumber-reporting-4.11.2.jar:/Users/keflin.rosa/.m2/repository/org/apache/maven/maven-plugin-api/3.6.2/maven-plugin-api-3.6.2.jar:/Users/keflin.rosa/.m2/repository/org/apache/maven/maven-model/3.6.2/maven-model-3.6.2.jar:/Users/keflin.rosa/.m2/repository/org/apache/maven/maven-artifact/3.6.2/maven-artifact-3.6.2.jar:/Users/keflin.rosa/.m2/repository/org/eclipse/sisu/org.eclipse.sisu.plexus/0.3.3/org.eclipse.sisu.plexus-0.3.3.jar:/Users/keflin.rosa/.m2/repository/javax/enterprise/cdi-api/1.0/cdi-api-1.0.jar:/Users/keflin.rosa/.m2/repository/javax/annotation/jsr250-api/1.0/jsr250-api-1.0.jar:/Users/keflin.rosa/.m2/repository/javax/inject/javax.inject/1/javax.inject-1.jar:/Users/keflin.rosa/.m2/repository/org/eclipse/sisu/org.eclipse.sisu.inject/0.3.3/org.eclipse.sisu.inject-0.3.3.jar:/Users/keflin.rosa/.m2/repository/org/codehaus/plexus/plexus-component-annotations/1.5.5/plexus-component-annotations-1.5.5.jar:/Users/keflin.rosa/.m2/repository/org/codehaus/plexus/plexus-classworlds/2.6.0/plexus-classworlds-2.6.0.jar:/Users/keflin.rosa/.m2/repository/org/apache/maven/plugins/maven-gpg-plugin/1.6/maven-gpg-plugin-1.6.jar:/Users/keflin.rosa/.m2/repository/org/apache/maven/maven-project/2.2.1/maven-project-2.2.1.jar:/Users/keflin.rosa/.m2/repository/org/apache/maven/maven-settings/2.2.1/maven-settings-2.2.1.jar:/Users/keflin.rosa/.m2/repository/org/apache/maven/maven-profile/2.2.1/maven-profile-2.2.1.jar:/Users/keflin.rosa/.m2/repository/org/apache/maven/maven-artifact-manager/2.2.1/maven-artifact-manager-2.2.1.jar:/Users/keflin.rosa/.m2/repository/org/apache/maven/wagon/wagon-provider-api/1.0-beta-6/wagon-provider-api-1.0-beta-6.jar:/Users/keflin.rosa/.m2/repository/backport-util-concurrent/backport-util-concurrent/3.1/backport-util-concurrent-3.1.jar:/Users/keflin.rosa/.m2/repository/org/apache/maven/maven-plugin-registry/2.2.1/maven-plugin-registry-2.2.1.jar:/Users/keflin.rosa/.m2/repository/org/codehaus/plexus/plexus-interpolation/1.11/plexus-interpolation-1.11.jar:/Users/keflin.rosa/.m2/repository/org/codehaus/plexus/plexus-container-default/1.0-alpha-9-stable-1/plexus-container-default-1.0-alpha-9-stable-1.jar:/Users/keflin.rosa/.m2/repository/classworlds/classworlds/1.1-alpha-2/classworlds-1.1-alpha-2.jar:/Users/keflin.rosa/.m2/repository/org/apache/maven/maven-repository-metadata/2.2.1/maven-repository-metadata-2.2.1.jar:/Users/keflin.rosa/.m2/repository/org/sonatype/plexus/plexus-sec-dispatcher/1.4/plexus-sec-dispatcher-1.4.jar:/Users/keflin.rosa/.m2/repository/org/sonatype/plexus/plexus-cipher/1.4/plexus-cipher-1.4.jar:/Users/keflin.rosa/.m2/repository/info/cukes/cucumber-java/1.2.5/cucumber-java-1.2.5.jar:/Users/keflin.rosa/.m2/repository/info/cukes/cucumber-core/1.2.5/cucumber-core-1.2.5.jar:/Users/keflin.rosa/.m2/repository/info/cukes/cucumber-html/0.2.3/cucumber-html-0.2.3.jar:/Users/keflin.rosa/.m2/repository/info/cukes/cucumber-jvm-deps/1.0.5/cucumber-jvm-deps-1.0.5.jar:/Users/keflin.rosa/.m2/repository/info/cukes/gherkin/2.12.2/gherkin-2.12.2.jar:/Users/keflin.rosa/.m2/repository/com/github/javafaker/javafaker/0.18/javafaker-0.18.jar:/Users/keflin.rosa/.m2/repository/org/yaml/snakeyaml/1.23/snakeyaml-1.23-android.jar:/Users/keflin.rosa/.m2/repository/com/github/mifmif/generex/1.0.2/generex-1.0.2.jar:/Users/keflin.rosa/.m2/repository/dk/brics/automaton/automaton/1.11-8/automaton-1.11-8.jar:"/>
    <property name="java.vm.vendor" value="Oracle Corporation"/>
    <property name="sun.arch.data.model" value="64"/>
    <property name="java.vendor.url" value="https://openjdk.java.net/"/>
    <property name="os.name" value="Mac OS X"/>
    <property name="java.vm.specification.version" value="14"/>
    <property name="sun.java.launcher" value="SUN_STANDARD"/>
    <property name="user.country" value="BR"/>
    <property name="sun.boot.library.path" value="/usr/local/Cellar/openjdk/14.0.1/libexec/openjdk.jdk/Contents/Home/lib"/>
    <property name="sun.java.command" value="/Users/keflin.rosa/Documents/Workspace/regressivo_portal_frontend/target/surefire/surefirebooter8591414282507521028.jar /Users/keflin.rosa/Documents/Workspace/regressivo_portal_frontend/target/surefire 2020-08-27T11-51-17_017-jvmRun1 surefire4104277643912312811tmp surefire_017044599486969883237tmp"/>
    <property name="jdk.debug" value="release"/>
    <property name="surefire.test.class.path" value="/Users/keflin.rosa/Documents/Workspace/regressivo_portal_frontend/target/test-classes:/Users/keflin.rosa/Documents/Workspace/regressivo_portal_frontend/target/classes:/Users/keflin.rosa/.m2/repository/junit/junit/4.12/junit-4.12.jar:/Users/keflin.rosa/.m2/repository/org/hamcrest/hamcrest-core/1.3/hamcrest-core-1.3.jar:/Users/keflin.rosa/.m2/repository/org/junit/platform/junit-platform-surefire-provider/1.3.2/junit-platform-surefire-provider-1.3.2.jar:/Users/keflin.rosa/.m2/repository/org/apiguardian/apiguardian-api/1.0.0/apiguardian-api-1.0.0.jar:/Users/keflin.rosa/.m2/repository/org/junit/platform/junit-platform-launcher/1.3.2/junit-platform-launcher-1.3.2.jar:/Users/keflin.rosa/.m2/repository/org/apache/maven/surefire/surefire-api/2.22.0/surefire-api-2.22.0.jar:/Users/keflin.rosa/.m2/repository/org/apache/maven/surefire/surefire-logger-api/2.22.0/surefire-logger-api-2.22.0.jar:/Users/keflin.rosa/.m2/repository/org/apache/maven/surefire/common-java5/2.22.0/common-java5-2.22.0.jar:/Users/keflin.rosa/.m2/repository/org/junit/jupiter/junit-jupiter-engine/5.4.2/junit-jupiter-engine-5.4.2.jar:/Users/keflin.rosa/.m2/repository/org/junit/platform/junit-platform-engine/1.4.2/junit-platform-engine-1.4.2.jar:/Users/keflin.rosa/.m2/repository/org/seleniumhq/selenium/selenium-java/3.141.59/selenium-java-3.141.59.jar:/Users/keflin.rosa/.m2/repository/org/seleniumhq/selenium/selenium-api/3.141.59/selenium-api-3.141.59.jar:/Users/keflin.rosa/.m2/repository/org/seleniumhq/selenium/selenium-chrome-driver/3.141.59/selenium-chrome-driver-3.141.59.jar:/Users/keflin.rosa/.m2/repository/org/seleniumhq/selenium/selenium-edge-driver/3.141.59/selenium-edge-driver-3.141.59.jar:/Users/keflin.rosa/.m2/repository/org/seleniumhq/selenium/selenium-firefox-driver/3.141.59/selenium-firefox-driver-3.141.59.jar:/Users/keflin.rosa/.m2/repository/org/seleniumhq/selenium/selenium-ie-driver/3.141.59/selenium-ie-driver-3.141.59.jar:/Users/keflin.rosa/.m2/repository/org/seleniumhq/selenium/selenium-opera-driver/3.141.59/selenium-opera-driver-3.141.59.jar:/Users/keflin.rosa/.m2/repository/org/seleniumhq/selenium/selenium-remote-driver/3.141.59/selenium-remote-driver-3.141.59.jar:/Users/keflin.rosa/.m2/repository/org/seleniumhq/selenium/selenium-safari-driver/3.141.59/selenium-safari-driver-3.141.59.jar:/Users/keflin.rosa/.m2/repository/org/seleniumhq/selenium/selenium-support/3.141.59/selenium-support-3.141.59.jar:/Users/keflin.rosa/.m2/repository/net/bytebuddy/byte-buddy/1.8.15/byte-buddy-1.8.15.jar:/Users/keflin.rosa/.m2/repository/org/apache/commons/commons-exec/1.3/commons-exec-1.3.jar:/Users/keflin.rosa/.m2/repository/com/google/guava/guava/25.0-jre/guava-25.0-jre.jar:/Users/keflin.rosa/.m2/repository/com/google/code/findbugs/jsr305/1.3.9/jsr305-1.3.9.jar:/Users/keflin.rosa/.m2/repository/org/checkerframework/checker-compat-qual/2.0.0/checker-compat-qual-2.0.0.jar:/Users/keflin.rosa/.m2/repository/com/google/errorprone/error_prone_annotations/2.1.3/error_prone_annotations-2.1.3.jar:/Users/keflin.rosa/.m2/repository/com/google/j2objc/j2objc-annotations/1.1/j2objc-annotations-1.1.jar:/Users/keflin.rosa/.m2/repository/org/codehaus/mojo/animal-sniffer-annotations/1.14/animal-sniffer-annotations-1.14.jar:/Users/keflin.rosa/.m2/repository/com/squareup/okhttp3/okhttp/3.11.0/okhttp-3.11.0.jar:/Users/keflin.rosa/.m2/repository/com/squareup/okio/okio/1.14.0/okio-1.14.0.jar:/Users/keflin.rosa/.m2/repository/io/cucumber/cucumber-junit/4.3.1/cucumber-junit-4.3.1.jar:/Users/keflin.rosa/.m2/repository/io/cucumber/cucumber-core/4.3.1/cucumber-core-4.3.1.jar:/Users/keflin.rosa/.m2/repository/io/cucumber/cucumber-html/0.2.7/cucumber-html-0.2.7.jar:/Users/keflin.rosa/.m2/repository/io/cucumber/gherkin/5.1.0/gherkin-5.1.0.jar:/Users/keflin.rosa/.m2/repository/io/cucumber/tag-expressions/1.1.1/tag-expressions-1.1.1.jar:/Users/keflin.rosa/.m2/repository/io/cucumber/cucumber-expressions/6.2.2/cucumber-expressions-6.2.2.jar:/Users/keflin.rosa/.m2/repository/io/cucumber/datatable/1.1.12/datatable-1.1.12.jar:/Users/keflin.rosa/.m2/repository/io/cucumber/datatable-dependencies/1.1.12/datatable-dependencies-1.1.12.jar:/Users/keflin.rosa/.m2/repository/io/cucumber/cucumber-java/4.3.1/cucumber-java-4.3.1.jar:/Users/keflin.rosa/.m2/repository/org/junit/jupiter/junit-jupiter-api/5.4.2/junit-jupiter-api-5.4.2.jar:/Users/keflin.rosa/.m2/repository/org/opentest4j/opentest4j/1.1.1/opentest4j-1.1.1.jar:/Users/keflin.rosa/.m2/repository/org/junit/platform/junit-platform-commons/1.4.2/junit-platform-commons-1.4.2.jar:/Users/keflin.rosa/.m2/repository/org/testng/testng/6.14.3/testng-6.14.3.jar:/Users/keflin.rosa/.m2/repository/com/beust/jcommander/1.72/jcommander-1.72.jar:/Users/keflin.rosa/.m2/repository/org/apache-extras/beanshell/bsh/2.0b6/bsh-2.0b6.jar:/Users/keflin.rosa/.m2/repository/io/github/bonigarcia/webdrivermanager/3.6.1/webdrivermanager-3.6.1.jar:/Users/keflin.rosa/.m2/repository/org/slf4j/slf4j-api/1.7.25/slf4j-api-1.7.25.jar:/Users/keflin.rosa/.m2/repository/commons-io/commons-io/2.6/commons-io-2.6.jar:/Users/keflin.rosa/.m2/repository/com/google/code/gson/gson/2.8.5/gson-2.8.5.jar:/Users/keflin.rosa/.m2/repository/org/apache/commons/commons-lang3/3.8.1/commons-lang3-3.8.1.jar:/Users/keflin.rosa/.m2/repository/org/apache/httpcomponents/httpclient/4.5.6/httpclient-4.5.6.jar:/Users/keflin.rosa/.m2/repository/org/apache/httpcomponents/httpcore/4.4.10/httpcore-4.4.10.jar:/Users/keflin.rosa/.m2/repository/commons-logging/commons-logging/1.2/commons-logging-1.2.jar:/Users/keflin.rosa/.m2/repository/commons-codec/commons-codec/1.10/commons-codec-1.10.jar:/Users/keflin.rosa/.m2/repository/org/rauschig/jarchivelib/1.0.0/jarchivelib-1.0.0.jar:/Users/keflin.rosa/.m2/repository/org/apache/commons/commons-compress/1.18/commons-compress-1.18.jar:/Users/keflin.rosa/.m2/repository/org/jsoup/jsoup/1.11.3/jsoup-1.11.3.jar:/Users/keflin.rosa/.m2/repository/net/masterthought/cucumber-reporting/4.11.2/cucumber-reporting-4.11.2.jar:/Users/keflin.rosa/.m2/repository/com/fasterxml/jackson/core/jackson-databind/2.9.9.3/jackson-databind-2.9.9.3.jar:/Users/keflin.rosa/.m2/repository/com/fasterxml/jackson/core/jackson-annotations/2.9.0/jackson-annotations-2.9.0.jar:/Users/keflin.rosa/.m2/repository/com/fasterxml/jackson/core/jackson-core/2.9.9/jackson-core-2.9.9.jar:/Users/keflin.rosa/.m2/repository/org/apache/velocity/velocity/1.7/velocity-1.7.jar:/Users/keflin.rosa/.m2/repository/commons-lang/commons-lang/2.4/commons-lang-2.4.jar:/Users/keflin.rosa/.m2/repository/commons-collections/commons-collections/3.2.2/commons-collections-3.2.2.jar:/Users/keflin.rosa/.m2/repository/velocity-tools/velocity-tools/1.4/velocity-tools-1.4.jar:/Users/keflin.rosa/.m2/repository/joda-time/joda-time/2.10.2/joda-time-2.10.2.jar:/Users/keflin.rosa/.m2/repository/org/codehaus/plexus/plexus-utils/3.2.0/plexus-utils-3.2.0.jar:/Users/keflin.rosa/.m2/repository/com/googlecode/owasp-java-html-sanitizer/owasp-java-html-sanitizer/20190610.1/owasp-java-html-sanitizer-20190610.1.jar:/Users/keflin.rosa/.m2/repository/commons-configuration/commons-configuration/1.10/commons-configuration-1.10.jar:/Users/keflin.rosa/.m2/repository/net/masterthought/maven-cucumber-reporting/4.11.2/maven-cucumber-reporting-4.11.2.jar:/Users/keflin.rosa/.m2/repository/org/apache/maven/maven-plugin-api/3.6.2/maven-plugin-api-3.6.2.jar:/Users/keflin.rosa/.m2/repository/org/apache/maven/maven-model/3.6.2/maven-model-3.6.2.jar:/Users/keflin.rosa/.m2/repository/org/apache/maven/maven-artifact/3.6.2/maven-artifact-3.6.2.jar:/Users/keflin.rosa/.m2/repository/org/eclipse/sisu/org.eclipse.sisu.plexus/0.3.3/org.eclipse.sisu.plexus-0.3.3.jar:/Users/keflin.rosa/.m2/repository/javax/enterprise/cdi-api/1.0/cdi-api-1.0.jar:/Users/keflin.rosa/.m2/repository/javax/annotation/jsr250-api/1.0/jsr250-api-1.0.jar:/Users/keflin.rosa/.m2/repository/javax/inject/javax.inject/1/javax.inject-1.jar:/Users/keflin.rosa/.m2/repository/org/eclipse/sisu/org.eclipse.sisu.inject/0.3.3/org.eclipse.sisu.inject-0.3.3.jar:/Users/keflin.rosa/.m2/repository/org/codehaus/plexus/plexus-component-annotations/1.5.5/plexus-component-annotations-1.5.5.jar:/Users/keflin.rosa/.m2/repository/org/codehaus/plexus/plexus-classworlds/2.6.0/plexus-classworlds-2.6.0.jar:/Users/keflin.rosa/.m2/repository/org/apache/maven/plugins/maven-gpg-plugin/1.6/maven-gpg-plugin-1.6.jar:/Users/keflin.rosa/.m2/repository/org/apache/maven/maven-project/2.2.1/maven-project-2.2.1.jar:/Users/keflin.rosa/.m2/repository/org/apache/maven/maven-settings/2.2.1/maven-settings-2.2.1.jar:/Users/keflin.rosa/.m2/repository/org/apache/maven/maven-profile/2.2.1/maven-profile-2.2.1.jar:/Users/keflin.rosa/.m2/repository/org/apache/maven/maven-artifact-manager/2.2.1/maven-artifact-manager-2.2.1.jar:/Users/keflin.rosa/.m2/repository/org/apache/maven/wagon/wagon-provider-api/1.0-beta-6/wagon-provider-api-1.0-beta-6.jar:/Users/keflin.rosa/.m2/repository/backport-util-concurrent/backport-util-concurrent/3.1/backport-util-concurrent-3.1.jar:/Users/keflin.rosa/.m2/repository/org/apache/maven/maven-plugin-registry/2.2.1/maven-plugin-registry-2.2.1.jar:/Users/keflin.rosa/.m2/repository/org/codehaus/plexus/plexus-interpolation/1.11/plexus-interpolation-1.11.jar:/Users/keflin.rosa/.m2/repository/org/codehaus/plexus/plexus-container-default/1.0-alpha-9-stable-1/plexus-container-default-1.0-alpha-9-stable-1.jar:/Users/keflin.rosa/.m2/repository/classworlds/classworlds/1.1-alpha-2/classworlds-1.1-alpha-2.jar:/Users/keflin.rosa/.m2/repository/org/apache/maven/maven-repository-metadata/2.2.1/maven-repository-metadata-2.2.1.jar:/Users/keflin.rosa/.m2/repository/org/sonatype/plexus/plexus-sec-dispatcher/1.4/plexus-sec-dispatcher-1.4.jar:/Users/keflin.rosa/.m2/repository/org/sonatype/plexus/plexus-cipher/1.4/plexus-cipher-1.4.jar:/Users/keflin.rosa/.m2/repository/info/cukes/cucumber-java/1.2.5/cucumber-java-1.2.5.jar:/Users/keflin.rosa/.m2/repository/info/cukes/cucumber-core/1.2.5/cucumber-core-1.2.5.jar:/Users/keflin.rosa/.m2/repository/info/cukes/cucumber-html/0.2.3/cucumber-html-0.2.3.jar:/Users/keflin.rosa/.m2/repository/info/cukes/cucumber-jvm-deps/1.0.5/cucumber-jvm-deps-1.0.5.jar:/Users/keflin.rosa/.m2/repository/info/cukes/gherkin/2.12.2/gherkin-2.12.2.jar:/Users/keflin.rosa/.m2/repository/com/github/javafaker/javafaker/0.18/javafaker-0.18.jar:/Users/keflin.rosa/.m2/repository/org/yaml/snakeyaml/1.23/snakeyaml-1.23-android.jar:/Users/keflin.rosa/.m2/repository/com/github/mifmif/generex/1.0.2/generex-1.0.2.jar:/Users/keflin.rosa/.m2/repository/dk/brics/automaton/automaton/1.11-8/automaton-1.11-8.jar:"/>
    <property name="sun.cpu.endian" value="little"/>
    <property name="user.home" value="/Users/keflin.rosa"/>
    <property name="user.language" value="pt"/>
    <property name="java.specification.vendor" value="Oracle Corporation"/>
    <property name="java.version.date" value="2020-04-14"/>
    <property name="java.home" value="/usr/local/Cellar/openjdk/14.0.1/libexec/openjdk.jdk/Contents/Home"/>
    <property name="file.separator" value="/"/>
    <property name="basedir" value="/Users/keflin.rosa/Documents/Workspace/regressivo_portal_frontend"/>
    <property name="java.vm.compressedOopsMode" value="Zero based"/>
    <property name="line.separator" value="&#10;"/>
    <property name="java.vm.specification.vendor" value="Oracle Corporation"/>
    <property name="java.specification.name" value="Java Platform API Specification"/>
    <property name="surefire.real.class.path" value="/Users/keflin.rosa/Documents/Workspace/regressivo_portal_frontend/target/surefire/surefirebooter8591414282507521028.jar"/>
    <property name="sun.management.compiler" value="HotSpot 64-Bit Tiered Compilers"/>
    <property name="java.runtime.version" value="14.0.1+14"/>
    <property name="user.name" value="usertqi"/>
    <property name="path.separator" value=":"/>
    <property name="os.version" value="10.15.6"/>
    <property name="java.runtime.name" value="OpenJDK Runtime Environment"/>
    <property name="file.encoding" value="UTF-8"/>
    <property name="java.vm.name" value="OpenJDK 64-Bit Server VM"/>
    <property name="localRepository" value="/Users/keflin.rosa/.m2/repository"/>
    <property name="java.vendor.url.bug" value="https://bugreport.java.com/bugreport/"/>
    <property name="java.io.tmpdir" value="/var/folders/bb/v_9p47_n19sccypw_xv03rp80000gn/T/"/>
    <property name="java.version" value="14.0.1"/>
    <property name="user.dir" value="/Users/keflin.rosa/Documents/Workspace/regressivo_portal_frontend"/>
    <property name="os.arch" value="x86_64"/>
    <property name="java.vm.specification.name" value="Java Virtual Machine Specification"/>
    <property name="java.library.path" value="/Users/keflin.rosa/Library/Java/Extensions:/Library/Java/Extensions:/Network/Library/Java/Extensions:/System/Library/Java/Extensions:/usr/lib/java:."/>
    <property name="java.vm.info" value="mixed mode, sharing"/>
    <property name="java.vendor" value="N/A"/>
    <property name="java.vm.version" value="14.0.1+14"/>
    <property name="sun.io.unicode.encoding" value="UnicodeBig"/>
    <property name="java.class.version" value="58.0"/>
  </properties>
</testsuite>